
method: GET-- url:  http://localhost:5000/FFFppp-fc3b-f690-4c05-ba4f-9c936387  --date: 31/3/2022 10:37 GTM-7  -- use-agent: PostmanRuntime/7.29.0
method: DELETE-- url:  http://localhost:5000/api/delete/FFFppp-fc3b-f690-4c05-ba4f-9c936387  --date: 31/3/2022 10:37 GTM-7  -- use-agent: PostmanRuntime/7.29.0
method: GET-- url:  http://localhost:5000/FFFppp-fc3b-f690-4c05-ba4f-9c936387  --date: 31/3/2022 10:38 GTM-7  -- use-agent: PostmanRuntime/7.29.0
method: GET-- url:  http://localhost:5000/FFFppp-fc3b-f690-4c05-ba4f-9c936387  --date: 31/3/2022 10:38 GTM-7  -- use-agent: PostmanRuntime/7.29.0
method: DELETE-- url:  http://localhost:5000/api/delete/FFFppp-fc3b-f690-4c05-ba4f-9c936387  --date: 31/3/2022 10:39 GTM-7  -- use-agent: PostmanRuntime/7.29.0
method: GET-- url:  http://localhost:5000/FFFppp-fc3b-f690-4c05-ba4f-9c936387  --date: 31/3/2022 10:39 GTM-7  -- use-agent: PostmanRuntime/7.29.0
method: DELETE-- url:  http://localhost:5000/api/delete/FFFppp-fc3b-f690-4c05-ba4f-9c936387  --date: 31/3/2022 10:40 GTM-7  -- use-agent: PostmanRuntime/7.29.0
method: DELETE-- url:  http://localhost:5000/api/delete/FFFppp-fc3b-f690-4c05-ba4f-9c936387  --date: 31/3/2022 10:43 GTM-7  -- use-agent: PostmanRuntime/7.29.0
method: DELETE-- url:  http://localhost:5000/api/delete/FFFppp-fc3b-f690-4c05-ba4f-9c936387  --date: 31/3/2022 10:44 GTM-7  -- use-agent: PostmanRuntime/7.29.0
method: DELETE-- url:  http://localhost:5000/api/delete/FFFppp-fc3b-f690-4c05-ba4f-9c936387  --date: 31/3/2022 10:44 GTM-7  -- use-agent: PostmanRuntime/7.29.0
method: DELETE-- url:  http://localhost:5000/api/delete/FFFppp-fc3b-f690-4c05-ba4f-9c936387  --date: 31/3/2022 10:45 GTM-7  -- use-agent: PostmanRuntime/7.29.0
method: DELETE-- url:  http://localhost:5000/api/delete/FFFppp-fc3b-f690-4c05-ba4f-9c936387  --date: 31/3/2022 10:47 GTM-7  -- use-agent: PostmanRuntime/7.29.0
method: DELETE-- url:  http://localhost:5000/api/delete/FFFppp-fc3b-f690-4c05-ba4f-9c936387  --date: 31/3/2022 10:48 GTM-7  -- use-agent: PostmanRuntime/7.29.0
method: POST-- url:  http://localhost:5000/api/create/  --date: 31/3/2022 10:48 GTM-7  -- use-agent: PostmanRuntime/7.29.0
method: PUT-- url:  http://localhost:5000/FFFppp-0a15-e137-4fe7-b100-a76d69e9  --date: 31/3/2022 10:48 GTM-7  -- use-agent: PostmanRuntime/7.29.0
method: DELETE-- url:  http://localhost:5000/api/delete/FFFppp-0a15-e137-4fe7-b100-a76d69e9  --date: 31/3/2022 10:49 GTM-7  -- use-agent: PostmanRuntime/7.29.0
method: POST-- url:  http://localhost:5000/api/create/  --date: 31/3/2022 10:51 GTM-7  -- use-agent: PostmanRuntime/7.29.0
method: PUT-- url:  http://localhost:5000/FFFppp-be74-af3f-4926-bfb0-7207401f  --date: 31/3/2022 10:51 GTM-7  -- use-agent: PostmanRuntime/7.29.0
method: PUT-- url:  http://localhost:5000/FFFppp-be74-af3f-4926-bfb0-7207401f  --date: 31/3/2022 10:53 GTM-7  -- use-agent: PostmanRuntime/7.29.0
method: GET-- url:  http://localhost:5000/FFFppp-be74-af3f-4926-bfb0-7207401f  --date: 31/3/2022 10:56 GTM-7  -- use-agent: PostmanRuntime/7.29.0
method: GET-- url:  http://localhost:5000/FFFppp-be74-af3f-4926-bfb0-7207401f  --date: 31/3/2022 10:57 GTM-7  -- use-agent: PostmanRuntime/7.29.0
method: GET-- url:  http://localhost:5000/FFFppp-be74-af3f-4926-bfb0-7207401f  --date: 31/3/2022 10:57 GTM-7  -- use-agent: PostmanRuntime/7.29.0
method: GET-- url:  http://localhost:5000/FFFppp-be74-af3f-4926-bfb0-7207401f  --date: 31/3/2022 10:58 GTM-7  -- use-agent: PostmanRuntime/7.29.0
method: GET-- url:  http://localhost:5000/FFFppp-be74-af3f-4926-bfb0-7207401f  --date: 31/3/2022 10:58 GTM-7  -- use-agent: PostmanRuntime/7.29.0
method: GET-- url:  http://localhost:5000/FFFppp-be74-af3f-4926-bfb0-7207401f?from=2000-2-11&to=2050-4-11  --date: 31/3/2022 11:03 GTM-7  -- use-agent: PostmanRuntime/7.29.0
method: DELETE-- url:  http://localhost:5000/api/delete/FFFppp-be74-af3f-4926-bfb0-7207401f?from=2000-2-11&to=2050-4-11  --date: 31/3/2022 11:04 GTM-7  -- use-agent: PostmanRuntime/7.29.0
method: GET-- url:  http://localhost:5000/FFFppp-be74-af3f-4926-bfb0-7207401f?from=2000-2-11&to=2050-4-11  --date: 31/3/2022 11:04 GTM-7  -- use-agent: PostmanRuntime/7.29.0
method: PUT-- url:  http://localhost:5000/FFFppp-be74-af3f-4926-bfb0-7207401f  --date: 31/3/2022 11:08 GTM-7  -- use-agent: PostmanRuntime/7.29.0
method: GET-- url:  http://localhost:5000/FFFppp-be74-af3f-4926-bfb0-7207401f?from=2000-2-11&to=2050-4-11  --date: 31/3/2022 11:08 GTM-7  -- use-agent: PostmanRuntime/7.29.0
method: GET-- url:  http://localhost:5000/FFFppp-be74-af3f-4926-bfb0-7207401f?from=2000-2-11&to=2050-4-11  --date: 31/3/2022 11:10 GTM-7  -- use-agent: PostmanRuntime/7.29.0
method: GET-- url:  http://localhost:5000/FFFppp-be74-af3f-4926-bfb0-7207401f?from=2000-2-11&to=2050-4-11  --date: 31/3/2022 11:16 GTM-7  -- use-agent: PostmanRuntime/7.29.0
method: GET-- url:  http://localhost:5000/api/download/FFFppp-fc3b-f690-4c05-ba4f-9c936387  --date: 31/3/2022 11:16 GTM-7  -- use-agent: PostmanRuntime/7.29.0
method: GET-- url:  http://localhost:5000/FFFppp-be74-af3f-4926-bfb0-7207401f?from=2000-2-11&to=2050-4-11  --date: 31/3/2022 11:18 GTM-7  -- use-agent: PostmanRuntime/7.29.0
method: GET-- url:  http://localhost:5000/FFFppp-be74-af3f-4926-bfb0-7207401f  --date: 31/3/2022 11:20 GTM-7  -- use-agent: Mozilla/5.0 (X11; Linux x86_64) AppleWebKit/537.36 (KHTML, like Gecko) Chrome/100.0.4896.60 Safari/537.36
method: GET-- url:  http://localhost:5000/FFFppp-be74-af3f-4926-bfb0-7207401f  --date: 31/3/2022 11:23 GTM-7  -- use-agent: Mozilla/5.0 (Windows NT 10.0; Win64; x64) AppleWebKit/537.36 (KHTML, like Gecko) Chrome/99.0.4844.84 Safari/537.36
method: GET-- url:  http://localhost:5000/api/download/:id=FFFppp-be74-af3f-4926-bfb0-7207401f  --date: 31/3/2022 11:24 GTM-7  -- use-agent: Mozilla/5.0 (Windows NT 10.0; Win64; x64) AppleWebKit/537.36 (KHTML, like Gecko) Chrome/99.0.4844.84 Safari/537.36
method: DELETE-- url:  http://localhost:5000/api/delete/FFFppp-be74-af3f-4926-bfb0-7207401f?from=2000-2-11&to=2050-4-11  --date: 31/3/2022 11:25 GTM-7  -- use-agent: PostmanRuntime/7.29.0
method: DELETE-- url:  http://localhost:5000/api/delete/FFFppp-be74-af3f-4926-bfb0-7207401f?from=2000-2-11&to=2050-4-11  --date: 31/3/2022 11:25 GTM-7  -- use-agent: PostmanRuntime/7.29.0
method: DELETE-- url:  http://localhost:5000/api/delete/FFFppp-be74-af3f-4926-bfb0-7207401f  --date: 31/3/2022 11:26 GTM-7  -- use-agent: PostmanRuntime/7.29.0
method: POST-- url:  http://localhost:5000/api/create/  --date: 31/3/2022 11:26 GTM-7  -- use-agent: PostmanRuntime/7.29.0
method: PUT-- url:  http://localhost:5000/FFFppp-1da4-ba74-4d90-8787-ee713804  --date: 31/3/2022 11:26 GTM-7  -- use-agent: PostmanRuntime/7.29.0
method: GET-- url:  http://localhost:5000/FFFppp-1da4-ba74-4d90-8787-ee713804?from=2000-2-11&to=2050-4-11  --date: 31/3/2022 11:26 GTM-7  -- use-agent: PostmanRuntime/7.29.0
method: DELETE-- url:  http://localhost:5000/api/delete/FFFppp-1da4-ba74-4d90-8787-ee713804?from=2000-2-11&to=2050-4-11  --date: 31/3/2022 11:26 GTM-7  -- use-agent: PostmanRuntime/7.29.0
method: GET-- url:  http://localhost:5000/FFFppp-1da4-ba74-4d90-8787-ee713804?from=2000-2-11&to=2050-4-11  --date: 31/3/2022 11:27 GTM-7  -- use-agent: PostmanRuntime/7.29.0
method: POST-- url:  http://localhost:5000/api/create/  --date: 31/3/2022 13:44 GTM-7  -- use-agent: PostmanRuntime/7.29.0
method: PUT-- url:  http://localhost:5000/FFFppp-ba43-6a56-4d64-bebb-379df396  --date: 31/3/2022 13:44 GTM-7  -- use-agent: PostmanRuntime/7.29.0
method: GET-- url:  http://localhost:5000/FFFppp-ba43-6a56-4d64-bebb-379df396?from=2000-2-11&to=2050-4-11  --date: 31/3/2022 13:44 GTM-7  -- use-agent: PostmanRuntime/7.29.0
method: POST-- url:  http://localhost:5000/api/users/authendication/login  --date: 31/3/2022 13:45 GTM-7  -- use-agent: PostmanRuntime/7.29.0
method: POST-- url:  http://localhost:5000/api/users/authendication/register  --date: 31/3/2022 13:45 GTM-7  -- use-agent: PostmanRuntime/7.29.0
method: POST-- url:  http://localhost:5000/api/create/  --date: 31/3/2022 13:46 GTM-7  -- use-agent: PostmanRuntime/7.29.0
method: GET-- url:  http://localhost:5000/FFFPPP-9cff-955d-4dfa-8702-2ebb32c2  --date: 31/3/2022 13:48 GTM-7  -- use-agent: PostmanRuntime/7.29.0
method: PUT-- url:  http://localhost:5000/FFFPPP-9cff-955d-4dfa-8702-2ebb32c2  --date: 31/3/2022 13:49 GTM-7  -- use-agent: PostmanRuntime/7.29.0
method: GET-- url:  http://localhost:5000/FFFPPP-9cff-955d-4dfa-8702-2ebb32c2  --date: 31/3/2022 13:49 GTM-7  -- use-agent: PostmanRuntime/7.29.0
method: GET-- url:  http://localhost:5000/api/all  --date: 31/3/2022 13:50 GTM-7  -- use-agent: PostmanRuntime/7.29.0
method: POST-- url:  http://localhost:5000/api/create/  --date: 31/3/2022 13:50 GTM-7  -- use-agent: PostmanRuntime/7.29.0
method: POST-- url:  http://localhost:5000/api/create/  --date: 31/3/2022 13:50 GTM-7  -- use-agent: PostmanRuntime/7.29.0
method: POST-- url:  http://localhost:5000/api/create/  --date: 31/3/2022 13:50 GTM-7  -- use-agent: PostmanRuntime/7.29.0
method: POST-- url:  http://localhost:5000/api/create/  --date: 31/3/2022 13:50 GTM-7  -- use-agent: PostmanRuntime/7.29.0
method: POST-- url:  http://localhost:5000/api/create/  --date: 31/3/2022 13:50 GTM-7  -- use-agent: PostmanRuntime/7.29.0
method: POST-- url:  http://localhost:5000/api/create/  --date: 31/3/2022 13:50 GTM-7  -- use-agent: PostmanRuntime/7.29.0
method: POST-- url:  http://localhost:5000/api/create/  --date: 31/3/2022 13:50 GTM-7  -- use-agent: PostmanRuntime/7.29.0
method: GET-- url:  http://localhost:5000/api/all  --date: 31/3/2022 13:50 GTM-7  -- use-agent: PostmanRuntime/7.29.0
method: POST-- url:  http://localhost:5000/api/create/  --date: 31/3/2022 13:51 GTM-7  -- use-agent: PostmanRuntime/7.29.0
method: POST-- url:  http://localhost:5000/api/create/  --date: 31/3/2022 13:52 GTM-7  -- use-agent: PostmanRuntime/7.29.0
method: POST-- url:  http://localhost:5000/api/create/  --date: 31/3/2022 13:52 GTM-7  -- use-agent: PostmanRuntime/7.29.0
method: POST-- url:  http://localhost:5000/api/create/  --date: 31/3/2022 13:52 GTM-7  -- use-agent: PostmanRuntime/7.29.0
method: POST-- url:  http://localhost:5000/api/create/  --date: 31/3/2022 13:52 GTM-7  -- use-agent: PostmanRuntime/7.29.0
method: POST-- url:  http://localhost:5000/api/create/  --date: 31/3/2022 13:52 GTM-7  -- use-agent: PostmanRuntime/7.29.0
method: POST-- url:  http://localhost:5000/api/create/  --date: 31/3/2022 13:52 GTM-7  -- use-agent: PostmanRuntime/7.29.0
method: POST-- url:  http://localhost:5000/api/create/  --date: 31/3/2022 13:52 GTM-7  -- use-agent: PostmanRuntime/7.29.0
method: POST-- url:  http://localhost:5000/api/create/  --date: 31/3/2022 13:52 GTM-7  -- use-agent: PostmanRuntime/7.29.0
method: POST-- url:  http://localhost:5000/api/create/  --date: 31/3/2022 13:52 GTM-7  -- use-agent: PostmanRuntime/7.29.0
method: POST-- url:  http://localhost:5000/api/create/  --date: 31/3/2022 13:52 GTM-7  -- use-agent: PostmanRuntime/7.29.0
method: POST-- url:  http://localhost:5000/api/create/  --date: 31/3/2022 13:52 GTM-7  -- use-agent: PostmanRuntime/7.29.0
method: POST-- url:  http://localhost:5000/api/create/  --date: 31/3/2022 13:52 GTM-7  -- use-agent: PostmanRuntime/7.29.0
method: POST-- url:  http://localhost:5000/api/create/  --date: 31/3/2022 13:52 GTM-7  -- use-agent: PostmanRuntime/7.29.0
method: POST-- url:  http://localhost:5000/api/create/  --date: 31/3/2022 13:52 GTM-7  -- use-agent: PostmanRuntime/7.29.0
method: POST-- url:  http://localhost:5000/api/create/  --date: 31/3/2022 13:52 GTM-7  -- use-agent: PostmanRuntime/7.29.0
method: GET-- url:  http://localhost:5000/api/all  --date: 31/3/2022 13:52 GTM-7  -- use-agent: PostmanRuntime/7.29.0
method: GET-- url:  http://localhost:5000/api/all  --date: 31/3/2022 13:53 GTM-7  -- use-agent: PostmanRuntime/7.29.0
method: POST-- url:  http://localhost:5000/api/create/  --date: 31/3/2022 13:53 GTM-7  -- use-agent: PostmanRuntime/7.29.0
method: POST-- url:  http://localhost:5000/api/create/  --date: 31/3/2022 13:53 GTM-7  -- use-agent: PostmanRuntime/7.29.0
method: GET-- url:  http://localhost:5000/api/all  --date: 31/3/2022 13:55 GTM-7  -- use-agent: PostmanRuntime/7.29.0
method: GET-- url:  http://localhost:5000/api/all  --date: 31/3/2022 13:55 GTM-7  -- use-agent: PostmanRuntime/7.29.0
method: GET-- url:  http://localhost:5000/api/all  --date: 31/3/2022 13:57 GTM-7  -- use-agent: PostmanRuntime/7.29.0
method: GET-- url:  http://localhost:5000/api/all  --date: 31/3/2022 13:58 GTM-7  -- use-agent: PostmanRuntime/7.29.0
method: GET-- url:  http://localhost:5000/api/all  --date: 31/3/2022 13:58 GTM-7  -- use-agent: PostmanRuntime/7.29.0
method: GET-- url:  http://localhost:5000/api/all  --date: 31/3/2022 13:59 GTM-7  -- use-agent: PostmanRuntime/7.29.0
method: GET-- url:  http://localhost:5000/api/all  --date: 31/3/2022 14:00 GTM-7  -- use-agent: PostmanRuntime/7.29.0
method: GET-- url:  http://localhost:5000/api/all  --date: 31/3/2022 14:01 GTM-7  -- use-agent: PostmanRuntime/7.29.0
method: GET-- url:  http://localhost:5000/api/all  --date: 31/3/2022 14:01 GTM-7  -- use-agent: PostmanRuntime/7.29.0
method: GET-- url:  http://localhost:5000/api/all  --date: 31/3/2022 14:02 GTM-7  -- use-agent: PostmanRuntime/7.29.0
method: GET-- url:  http://localhost:5000/api/all  --date: 31/3/2022 14:02 GTM-7  -- use-agent: PostmanRuntime/7.29.0
method: POST-- url:  http://localhost:5000/api/create/  --date: 31/3/2022 14:24 GTM-7  -- use-agent: PostmanRuntime/7.29.0
method: PUT-- url:  http://localhost:5000/fffppp-e4a1-3f0c-4613-ac05-efee5395  --date: 31/3/2022 14:25 GTM-7  -- use-agent: PostmanRuntime/7.29.0
method: PUT-- url:  http://localhost:5000/fffppp-e4a1-3f0c-4613-ac05-efee5395  --date: 31/3/2022 14:25 GTM-7  -- use-agent: PostmanRuntime/7.29.0
method: PUT-- url:  http://localhost:5000/fffppp-e4a1-3f0c-4613-ac05-efee5395  --date: 31/3/2022 14:27 GTM-7  -- use-agent: PostmanRuntime/7.29.0
method: GET-- url:  http://localhost:5000/fffppp-e4a1-3f0c-4613-ac05-efee5395?from=2000-2-11&to=2050-4-11  --date: 31/3/2022 14:28 GTM-7  -- use-agent: PostmanRuntime/7.29.0
method: GET-- url:  http://localhost:5000/fffppp-e4a1-3f0c-4613-ac05-efee5395?from=2000-2-11&to=2050-4-11  --date: 31/3/2022 14:31 GTM-7  -- use-agent: PostmanRuntime/7.29.0
method: POST-- url:  http://localhost:5000/api/create/  --date: 31/3/2022 14:44 GTM-7  -- use-agent: PostmanRuntime/7.29.0
method: PUT-- url:  http://localhost:5000/fffppp-bebe-bcbd-4719-8e96-c1d0309a  --date: 31/3/2022 14:44 GTM-7  -- use-agent: PostmanRuntime/7.29.0
method: POST-- url:  http://localhost:5000/api/create/  --date: 31/3/2022 14:51 GTM-7  -- use-agent: PostmanRuntime/7.29.0
method: PUT-- url:  http://localhost:5000/fffppp-9de5-adf4-4889-905d-451e8f17  --date: 31/3/2022 14:53 GTM-7  -- use-agent: PostmanRuntime/7.29.0
method: PUT-- url:  http://localhost:5000/fffppp-9de5-adf4-4889-905d-451e8f17  --date: 31/3/2022 14:55 GTM-7  -- use-agent: PostmanRuntime/7.29.0
method: POST-- url:  http://localhost:5000/api/create/  --date: 31/3/2022 15:01 GTM-7  -- use-agent: PostmanRuntime/7.29.0
method: POST-- url:  http://localhost:5000/api/create/  --date: 31/3/2022 15:09 GTM-7  -- use-agent: PostmanRuntime/7.29.0
method: PUT-- url:  http://localhost:5000/fffppp-98ef-901b-4085-861e-f79b6b7f  --date: 31/3/2022 15:09 GTM-7  -- use-agent: PostmanRuntime/7.29.0
method: GET-- url:  http://localhost:5000/fffppp-98ef-901b-4085-861e-f79b6b7f?from=2000-2-11&to=2050-4-11  --date: 31/3/2022 15:15 GTM-7  -- use-agent: PostmanRuntime/7.29.0
method: GET-- url:  http://localhost:5000/fffppp-98ef-901b-4085-861e-f79b6b7f?from=2000-2-11&to=2050-4-11  --date: 31/3/2022 15:16 GTM-7  -- use-agent: PostmanRuntime/7.29.0
method: GET-- url:  http://localhost:5000/fffppp-98ef-901b-4085-861e-f79b6b7f?from=2000-2-11&to=2050-4-11  --date: 31/3/2022 22:10 GTM-7  -- use-agent: PostmanRuntime/7.29.0
method: PUT-- url:  http://localhost:5000/fffppp-98ef-901b-4085-861e-f79b6b7f  --date: 31/3/2022 22:12 GTM-7  -- use-agent: PostmanRuntime/7.29.0
method: PUT-- url:  http://localhost:5000/fffppp-98ef-901b-4085-861e-f79b6b7f  --date: 31/3/2022 22:12 GTM-7  -- use-agent: PostmanRuntime/7.29.0
method: PUT-- url:  http://localhost:5000/fffppp-98ef-901b-4085-861e-f79b6b7f  --date: 31/3/2022 22:12 GTM-7  -- use-agent: PostmanRuntime/7.29.0
method: PUT-- url:  http://localhost:5000/fffppp-98ef-901b-4085-861e-f79b6b7f  --date: 31/3/2022 22:12 GTM-7  -- use-agent: PostmanRuntime/7.29.0
method: PUT-- url:  http://localhost:5000/fffppp-98ef-901b-4085-861e-f79b6b7f  --date: 31/3/2022 22:12 GTM-7  -- use-agent: PostmanRuntime/7.29.0
method: PUT-- url:  http://localhost:5000/fffppp-98ef-901b-4085-861e-f79b6b7f  --date: 31/3/2022 22:12 GTM-7  -- use-agent: PostmanRuntime/7.29.0
method: PUT-- url:  http://localhost:5000/fffppp-98ef-901b-4085-861e-f79b6b7f  --date: 31/3/2022 22:12 GTM-7  -- use-agent: PostmanRuntime/7.29.0
method: PUT-- url:  http://localhost:5000/fffppp-98ef-901b-4085-861e-f79b6b7f  --date: 31/3/2022 22:12 GTM-7  -- use-agent: PostmanRuntime/7.29.0
method: PUT-- url:  http://localhost:5000/fffppp-98ef-901b-4085-861e-f79b6b7f  --date: 31/3/2022 22:12 GTM-7  -- use-agent: PostmanRuntime/7.29.0
method: PUT-- url:  http://localhost:5000/fffppp-98ef-901b-4085-861e-f79b6b7f  --date: 31/3/2022 22:12 GTM-7  -- use-agent: PostmanRuntime/7.29.0
method: PUT-- url:  http://localhost:5000/fffppp-98ef-901b-4085-861e-f79b6b7f  --date: 31/3/2022 22:12 GTM-7  -- use-agent: PostmanRuntime/7.29.0
method: PUT-- url:  http://localhost:5000/fffppp-98ef-901b-4085-861e-f79b6b7f  --date: 31/3/2022 22:12 GTM-7  -- use-agent: PostmanRuntime/7.29.0
method: PUT-- url:  http://localhost:5000/fffppp-98ef-901b-4085-861e-f79b6b7f  --date: 31/3/2022 22:12 GTM-7  -- use-agent: PostmanRuntime/7.29.0
method: PUT-- url:  http://localhost:5000/fffppp-98ef-901b-4085-861e-f79b6b7f  --date: 31/3/2022 22:12 GTM-7  -- use-agent: PostmanRuntime/7.29.0
method: PUT-- url:  http://localhost:5000/fffppp-98ef-901b-4085-861e-f79b6b7f  --date: 31/3/2022 22:12 GTM-7  -- use-agent: PostmanRuntime/7.29.0
method: PUT-- url:  http://localhost:5000/fffppp-98ef-901b-4085-861e-f79b6b7f  --date: 31/3/2022 22:12 GTM-7  -- use-agent: PostmanRuntime/7.29.0
method: PUT-- url:  http://localhost:5000/fffppp-98ef-901b-4085-861e-f79b6b7f  --date: 31/3/2022 22:12 GTM-7  -- use-agent: PostmanRuntime/7.29.0
method: PUT-- url:  http://localhost:5000/fffppp-98ef-901b-4085-861e-f79b6b7f  --date: 31/3/2022 22:12 GTM-7  -- use-agent: PostmanRuntime/7.29.0
method: PUT-- url:  http://localhost:5000/fffppp-98ef-901b-4085-861e-f79b6b7f  --date: 31/3/2022 22:12 GTM-7  -- use-agent: PostmanRuntime/7.29.0
method: PUT-- url:  http://localhost:5000/fffppp-98ef-901b-4085-861e-f79b6b7f  --date: 31/3/2022 22:12 GTM-7  -- use-agent: PostmanRuntime/7.29.0
method: PUT-- url:  http://localhost:5000/fffppp-98ef-901b-4085-861e-f79b6b7f  --date: 31/3/2022 22:12 GTM-7  -- use-agent: PostmanRuntime/7.29.0
method: PUT-- url:  http://localhost:5000/fffppp-98ef-901b-4085-861e-f79b6b7f  --date: 31/3/2022 22:12 GTM-7  -- use-agent: PostmanRuntime/7.29.0
method: PUT-- url:  http://localhost:5000/fffppp-98ef-901b-4085-861e-f79b6b7f  --date: 31/3/2022 22:12 GTM-7  -- use-agent: PostmanRuntime/7.29.0
method: PUT-- url:  http://localhost:5000/fffppp-98ef-901b-4085-861e-f79b6b7f  --date: 31/3/2022 22:12 GTM-7  -- use-agent: PostmanRuntime/7.29.0
method: PUT-- url:  http://localhost:5000/fffppp-98ef-901b-4085-861e-f79b6b7f  --date: 31/3/2022 22:12 GTM-7  -- use-agent: PostmanRuntime/7.29.0
method: PUT-- url:  http://localhost:5000/fffppp-98ef-901b-4085-861e-f79b6b7f  --date: 31/3/2022 22:12 GTM-7  -- use-agent: PostmanRuntime/7.29.0
method: GET-- url:  http://localhost:5000/fffppp-98ef-901b-4085-861e-f79b6b7f?from=2000-2-11&to=2050-4-11  --date: 31/3/2022 22:12 GTM-7  -- use-agent: PostmanRuntime/7.29.0
method: DELETE-- url:  http://localhost:5000/api/delete/fffppp-98ef-901b-4085-861e-f79b6b7f?from=2000-2-11&to=2050-4-11  --date: 31/3/2022 22:13 GTM-7  -- use-agent: PostmanRuntime/7.29.0
method: DELETE-- url:  http://localhost:5000/api/delete/fffppp-98ef-901b-4085-861e-f79b6b7f?from=2000-2-11&to=2050-4-11  --date: 31/3/2022 22:17 GTM-7  -- use-agent: PostmanRuntime/7.29.0
method: DELETE-- url:  http://localhost:5000/api/delete/fffppp-98ef-901b-4085-861e-f79b6b7f?from=2000-2-11&to=2050-4-11  --date: 31/3/2022 22:17 GTM-7  -- use-agent: PostmanRuntime/7.29.0
method: DELETE-- url:  http://localhost:5000/api/delete/fffppp-98ef-901b-4085-861e-f79b6b7f?from=2000-2-11&to=2050-4-11  --date: 31/3/2022 22:17 GTM-7  -- use-agent: PostmanRuntime/7.29.0
method: DELETE-- url:  http://localhost:5000/api/delete/fffppp-98ef-901b-4085-861e-f79b6b7f?from=2000-2-11&to=2050-4-11  --date: 31/3/2022 22:18 GTM-7  -- use-agent: PostmanRuntime/7.29.0
method: DELETE-- url:  http://localhost:5000/api/delete/fffppp-98ef-901b-4085-861e-f79b6b7f?from=2000-2-11&to=2050-4-11  --date: 31/3/2022 22:18 GTM-7  -- use-agent: PostmanRuntime/7.29.0
method: DELETE-- url:  http://localhost:5000/api/delete/fffppp-98ef-901b-4085-861e-f79b6b7f?from=2000-2-11&to=2050-4-11  --date: 31/3/2022 22:19 GTM-7  -- use-agent: PostmanRuntime/7.29.0
method: DELETE-- url:  http://localhost:5000/api/delete/fffppp-98ef-901b-4085-861e-f79b6b7f?from=2000-2-11&to=2050-4-11  --date: 31/3/2022 22:19 GTM-7  -- use-agent: PostmanRuntime/7.29.0
method: DELETE-- url:  http://localhost:5000/api/delete/fffppp-98ef-901b-4085-861e-f79b6b7f?from=2000-2-11&to=2050-4-11  --date: 31/3/2022 22:19 GTM-7  -- use-agent: PostmanRuntime/7.29.0
method: GET-- url:  http://localhost:5000/fffppp-98ef-901b-4085-861e-f79b6b7f?from=2000-2-11&to=2050-4-11  --date: 31/3/2022 22:19 GTM-7  -- use-agent: PostmanRuntime/7.29.0
method: GET-- url:  http://localhost:5000/fffppp-98ef-901b-4085-861e-f79b6b7f?from=2000-2-11&to=2050-4-11  --date: 31/3/2022 22:21 GTM-7  -- use-agent: PostmanRuntime/7.29.0
method: GET-- url:  http://localhost:5000/fffppp-98ef-901b-4085-861e-f79b6b7f?from=2000-2-11&to=2050-4-11  --date: 31/3/2022 22:22 GTM-7  -- use-agent: PostmanRuntime/7.29.0
method: GET-- url:  http://localhost:5000/fffppp-98ef-901b-4085-861e-f79b6b7f?from=2000-2-11&to=2050-4-11  --date: 31/3/2022 22:23 GTM-7  -- use-agent: PostmanRuntime/7.29.0
method: GET-- url:  http://localhost:5000/fffppp-98ef-901b-4085-861e-f79b6b7f?from=2000-2-11&to=2050-4-11  --date: 31/3/2022 22:23 GTM-7  -- use-agent: PostmanRuntime/7.29.0
method: DELETE-- url:  http://localhost:5000/api/delete/fffppp-98ef-901b-4085-861e-f79b6b7f?from=2000-2-11&to=2050-4-11  --date: 31/3/2022 22:25 GTM-7  -- use-agent: PostmanRuntime/7.29.0
method: DELETE-- url:  http://localhost:5000/api/delete/fffppp-98ef-901b-4085-861e-f79b6b7f?from=2000-2-11&to=2050-4-11  --date: 31/3/2022 22:25 GTM-7  -- use-agent: PostmanRuntime/7.29.0
method: POST-- url:  http://localhost:5000/api/create/  --date: 31/3/2022 22:26 GTM-7  -- use-agent: PostmanRuntime/7.29.0
method: GET-- url:  http://localhost:5000/fffppp-eea4-335d-41d1-8037-c289db38?from=2000-2-11&to=2050-4-11  --date: 31/3/2022 22:26 GTM-7  -- use-agent: PostmanRuntime/7.29.0
method: PUT-- url:  http://localhost:5000/fffppp-eea4-335d-41d1-8037-c289db38  --date: 31/3/2022 22:26 GTM-7  -- use-agent: PostmanRuntime/7.29.0
method: PUT-- url:  http://localhost:5000/fffppp-eea4-335d-41d1-8037-c289db38  --date: 31/3/2022 22:26 GTM-7  -- use-agent: PostmanRuntime/7.29.0
method: PUT-- url:  http://localhost:5000/fffppp-eea4-335d-41d1-8037-c289db38  --date: 31/3/2022 22:26 GTM-7  -- use-agent: PostmanRuntime/7.29.0
method: PUT-- url:  http://localhost:5000/fffppp-eea4-335d-41d1-8037-c289db38  --date: 31/3/2022 22:26 GTM-7  -- use-agent: PostmanRuntime/7.29.0
method: PUT-- url:  http://localhost:5000/fffppp-eea4-335d-41d1-8037-c289db38  --date: 31/3/2022 22:26 GTM-7  -- use-agent: PostmanRuntime/7.29.0
method: PUT-- url:  http://localhost:5000/fffppp-eea4-335d-41d1-8037-c289db38  --date: 31/3/2022 22:26 GTM-7  -- use-agent: PostmanRuntime/7.29.0
method: PUT-- url:  http://localhost:5000/fffppp-eea4-335d-41d1-8037-c289db38  --date: 31/3/2022 22:26 GTM-7  -- use-agent: PostmanRuntime/7.29.0
method: PUT-- url:  http://localhost:5000/fffppp-eea4-335d-41d1-8037-c289db38  --date: 31/3/2022 22:26 GTM-7  -- use-agent: PostmanRuntime/7.29.0
method: PUT-- url:  http://localhost:5000/fffppp-eea4-335d-41d1-8037-c289db38  --date: 31/3/2022 22:26 GTM-7  -- use-agent: PostmanRuntime/7.29.0
method: PUT-- url:  http://localhost:5000/fffppp-eea4-335d-41d1-8037-c289db38  --date: 31/3/2022 22:26 GTM-7  -- use-agent: PostmanRuntime/7.29.0
method: PUT-- url:  http://localhost:5000/fffppp-eea4-335d-41d1-8037-c289db38  --date: 31/3/2022 22:26 GTM-7  -- use-agent: PostmanRuntime/7.29.0
method: PUT-- url:  http://localhost:5000/fffppp-eea4-335d-41d1-8037-c289db38  --date: 31/3/2022 22:26 GTM-7  -- use-agent: PostmanRuntime/7.29.0
method: GET-- url:  http://localhost:5000/fffppp-eea4-335d-41d1-8037-c289db38?from=2000-2-11&to=2050-4-11  --date: 31/3/2022 22:26 GTM-7  -- use-agent: PostmanRuntime/7.29.0
method: GET-- url:  http://localhost:5000/fffppp-eea4-335d-41d1-8037-c289db38?from=2000-2-11&to=2050-4-11  --date: 31/3/2022 22:28 GTM-7  -- use-agent: PostmanRuntime/7.29.0
method: DELETE-- url:  http://localhost:5000/api/delete/fffppp-eea4-335d-41d1-8037-c289db38?from=2000-2-11&to=2050-4-11  --date: 31/3/2022 22:31 GTM-7  -- use-agent: PostmanRuntime/7.29.0
method: DELETE-- url:  http://localhost:5000/api/delete/fffppp-eea4-335d-41d1-8037-c289db38?from=2000-2-11&to=2050-4-11  --date: 31/3/2022 22:32 GTM-7  -- use-agent: PostmanRuntime/7.29.0
method: GET-- url:  http://localhost:5000/fffppp-eea4-335d-41d1-8037-c289db38?from=2000-2-11&to=2050-4-11  --date: 31/3/2022 23:01 GTM-7  -- use-agent: PostmanRuntime/7.29.0
method: GET-- url:  http://localhost:5000/fffppp-eea4-335d-41d1-8037-c289db38?from=2000-2-11  --date: 31/3/2022 23:01 GTM-7  -- use-agent: PostmanRuntime/7.29.0
method: GET-- url:  http://localhost:5000/fffppp-eea4-335d-41d1-8037-c289db38  --date: 31/3/2022 23:01 GTM-7  -- use-agent: PostmanRuntime/7.29.0
method: POST-- url:  http://localhost:5000/api/create/  --date: 31/3/2022 23:03 GTM-7  -- use-agent: PostmanRuntime/7.29.0
method: GET-- url:  http://localhost:5000/fffppp-8046-f125-4aa9-b085-d8154efb?from=2000-2-11&to=2050-4-11  --date: 31/3/2022 23:03 GTM-7  -- use-agent: PostmanRuntime/7.29.0
method: PUT-- url:  http://localhost:5000/fffppp-8046-f125-4aa9-b085-d8154efb  --date: 31/3/2022 23:03 GTM-7  -- use-agent: PostmanRuntime/7.29.0
method: PUT-- url:  http://localhost:5000/fffppp-8046-f125-4aa9-b085-d8154efb  --date: 31/3/2022 23:03 GTM-7  -- use-agent: PostmanRuntime/7.29.0
method: PUT-- url:  http://localhost:5000/fffppp-8046-f125-4aa9-b085-d8154efb  --date: 31/3/2022 23:03 GTM-7  -- use-agent: PostmanRuntime/7.29.0
method: PUT-- url:  http://localhost:5000/fffppp-8046-f125-4aa9-b085-d8154efb  --date: 31/3/2022 23:03 GTM-7  -- use-agent: PostmanRuntime/7.29.0
method: PUT-- url:  http://localhost:5000/fffppp-8046-f125-4aa9-b085-d8154efb  --date: 31/3/2022 23:03 GTM-7  -- use-agent: PostmanRuntime/7.29.0
method: PUT-- url:  http://localhost:5000/fffppp-8046-f125-4aa9-b085-d8154efb  --date: 31/3/2022 23:03 GTM-7  -- use-agent: PostmanRuntime/7.29.0
method: PUT-- url:  http://localhost:5000/fffppp-8046-f125-4aa9-b085-d8154efb  --date: 31/3/2022 23:03 GTM-7  -- use-agent: PostmanRuntime/7.29.0
method: PUT-- url:  http://localhost:5000/fffppp-8046-f125-4aa9-b085-d8154efb  --date: 31/3/2022 23:03 GTM-7  -- use-agent: PostmanRuntime/7.29.0
method: PUT-- url:  http://localhost:5000/fffppp-8046-f125-4aa9-b085-d8154efb  --date: 31/3/2022 23:03 GTM-7  -- use-agent: PostmanRuntime/7.29.0
method: PUT-- url:  http://localhost:5000/fffppp-8046-f125-4aa9-b085-d8154efb  --date: 31/3/2022 23:03 GTM-7  -- use-agent: PostmanRuntime/7.29.0
method: PUT-- url:  http://localhost:5000/fffppp-8046-f125-4aa9-b085-d8154efb  --date: 31/3/2022 23:03 GTM-7  -- use-agent: PostmanRuntime/7.29.0
method: GET-- url:  http://localhost:5000/fffppp-8046-f125-4aa9-b085-d8154efb?from=2000-2-11&to=2050-4-11  --date: 31/3/2022 23:03 GTM-7  -- use-agent: PostmanRuntime/7.29.0
method: GET-- url:  http://localhost:5000/fffppp-8046-f125-4aa9-b085-d8154efb?from=2000-2-11&to=2050-4-11  --date: 1/4/2022 9:37 GTM-7  -- use-agent: PostmanRuntime/7.29.0
method: DELETE-- url:  http://localhost:5000/api/delete/fffppp-8046-f125-4aa9-b085-d8154efb?from=2000-2-11&to=2050-4-11  --date: 1/4/2022 9:38 GTM-7  -- use-agent: PostmanRuntime/7.29.0
method: GET-- url:  http://localhost:5000/fffppp-8046-f125-4aa9-b085-d8154efb?from=2000-2-11&to=2050-4-11  --date: 1/4/2022 9:38 GTM-7  -- use-agent: PostmanRuntime/7.29.0
method: PUT-- url:  http://localhost:5000/fffppp-8046-f125-4aa9-b085-d8154efb  --date: 1/4/2022 9:39 GTM-7  -- use-agent: PostmanRuntime/7.29.0
method: PUT-- url:  http://localhost:5000/fffppp-8046-f125-4aa9-b085-d8154efb  --date: 1/4/2022 9:39 GTM-7  -- use-agent: PostmanRuntime/7.29.0
method: PUT-- url:  http://localhost:5000/fffppp-8046-f125-4aa9-b085-d8154efb  --date: 1/4/2022 9:39 GTM-7  -- use-agent: PostmanRuntime/7.29.0
method: PUT-- url:  http://localhost:5000/fffppp-8046-f125-4aa9-b085-d8154efb  --date: 1/4/2022 9:39 GTM-7  -- use-agent: PostmanRuntime/7.29.0
method: PUT-- url:  http://localhost:5000/fffppp-8046-f125-4aa9-b085-d8154efb  --date: 1/4/2022 9:39 GTM-7  -- use-agent: PostmanRuntime/7.29.0
method: PUT-- url:  http://localhost:5000/fffppp-8046-f125-4aa9-b085-d8154efb  --date: 1/4/2022 9:39 GTM-7  -- use-agent: PostmanRuntime/7.29.0
method: PUT-- url:  http://localhost:5000/fffppp-8046-f125-4aa9-b085-d8154efb  --date: 1/4/2022 9:39 GTM-7  -- use-agent: PostmanRuntime/7.29.0
method: DELETE-- url:  http://localhost:5000/api/delete/fffppp-8046-f125-4aa9-b085-d8154efb?from=2000-2-11&to=2050-4-11  --date: 1/4/2022 9:39 GTM-7  -- use-agent: PostmanRuntime/7.29.0
method: PUT-- url:  http://localhost:5000/fffppp-8046-f125-4aa9-b085-d8154efb  --date: 1/4/2022 9:46 GTM-7  -- use-agent: PostmanRuntime/7.29.0
method: PUT-- url:  http://localhost:5000/fffppp-8046-f125-4aa9-b085-d8154efb  --date: 1/4/2022 9:49 GTM-7  -- use-agent: PostmanRuntime/7.29.0
method: PUT-- url:  http://localhost:5000/fffppp-8046-f125-4aa9-b085-d8154efb  --date: 1/4/2022 9:49 GTM-7  -- use-agent: PostmanRuntime/7.29.0
method: PUT-- url:  http://localhost:5000/fffppp-8046-f125-4aa9-b085-d8154efb  --date: 1/4/2022 9:49 GTM-7  -- use-agent: PostmanRuntime/7.29.0
method: GET-- url:  http://localhost:5000/fffppp-8046-f125-4aa9-b085-d8154efb?from=2000-2-11&to=2050-4-11  --date: 1/4/2022 9:50 GTM-7  -- use-agent: PostmanRuntime/7.29.0
method: DELETE-- url:  http://localhost:5000/api/delete/fffppp-8046-f125-4aa9-b085-d8154efb?from=2000-2-11&to=2050-4-11  --date: 1/4/2022 9:50 GTM-7  -- use-agent: PostmanRuntime/7.29.0
method: GET-- url:  http://localhost:5000/fffppp-8046-f125-4aa9-b085-d8154efb?from=2000-2-11&to=2050-4-11  --date: 1/4/2022 9:50 GTM-7  -- use-agent: PostmanRuntime/7.29.0
method: POST-- url:  http://localhost:5000/api/create/  --date: 1/4/2022 9:50 GTM-7  -- use-agent: PostmanRuntime/7.29.0
method: POST-- url:  http://localhost:5000/api/users/authendication/register  --date: 1/4/2022 9:50 GTM-7  -- use-agent: PostmanRuntime/7.29.0
method: POST-- url:  http://localhost:5000/api/create/  --date: 1/4/2022 9:51 GTM-7  -- use-agent: PostmanRuntime/7.29.0
method: POST-- url:  http://localhost:5000/api/create/  --date: 1/4/2022 14:10 GTM-7  -- use-agent: PostmanRuntime/7.29.0
method: GET-- url:  http://localhost:5000/fffPPP-9fef-a524-4e39-89ba-83b7fba1  --date: 1/4/2022 14:10 GTM-7  -- use-agent: PostmanRuntime/7.29.0
method: PUT-- url:  http://localhost:5000/fffPPP-9fef-a524-4e39-89ba-83b7fba1  --date: 1/4/2022 14:11 GTM-7  -- use-agent: PostmanRuntime/7.29.0
method: PUT-- url:  http://localhost:5000/fffPPP-9fef-a524-4e39-89ba-83b7fba1  --date: 1/4/2022 14:12 GTM-7  -- use-agent: PostmanRuntime/7.29.0
method: PUT-- url:  http://localhost:5000/fffPPP-9fef-a524-4e39-89ba-83b7fba1  --date: 1/4/2022 14:12 GTM-7  -- use-agent: PostmanRuntime/7.29.0
method: PUT-- url:  http://localhost:5000/fffPPP-9fef-a524-4e39-89ba-83b7fba1  --date: 1/4/2022 14:12 GTM-7  -- use-agent: PostmanRuntime/7.29.0
method: PUT-- url:  http://localhost:5000/fffPPP-9fef-a524-4e39-89ba-83b7fba1  --date: 1/4/2022 14:12 GTM-7  -- use-agent: PostmanRuntime/7.29.0
method: PUT-- url:  http://localhost:5000/fffPPP-9fef-a524-4e39-89ba-83b7fba1  --date: 1/4/2022 14:12 GTM-7  -- use-agent: PostmanRuntime/7.29.0
method: PUT-- url:  http://localhost:5000/fffPPP-9fef-a524-4e39-89ba-83b7fba1  --date: 1/4/2022 14:12 GTM-7  -- use-agent: PostmanRuntime/7.29.0
method: PUT-- url:  http://localhost:5000/fffPPP-9fef-a524-4e39-89ba-83b7fba1  --date: 1/4/2022 14:12 GTM-7  -- use-agent: PostmanRuntime/7.29.0
method: PUT-- url:  http://localhost:5000/fffPPP-9fef-a524-4e39-89ba-83b7fba1  --date: 1/4/2022 14:12 GTM-7  -- use-agent: PostmanRuntime/7.29.0
method: PUT-- url:  http://localhost:5000/fffPPP-9fef-a524-4e39-89ba-83b7fba1  --date: 1/4/2022 14:12 GTM-7  -- use-agent: PostmanRuntime/7.29.0
method: PUT-- url:  http://localhost:5000/fffPPP-9fef-a524-4e39-89ba-83b7fba1  --date: 1/4/2022 14:12 GTM-7  -- use-agent: PostmanRuntime/7.29.0
method: PUT-- url:  http://localhost:5000/fffPPP-9fef-a524-4e39-89ba-83b7fba1  --date: 1/4/2022 14:12 GTM-7  -- use-agent: PostmanRuntime/7.29.0
method: PUT-- url:  http://localhost:5000/fffPPP-9fef-a524-4e39-89ba-83b7fba1  --date: 1/4/2022 14:12 GTM-7  -- use-agent: PostmanRuntime/7.29.0
method: PUT-- url:  http://localhost:5000/fffPPP-9fef-a524-4e39-89ba-83b7fba1  --date: 1/4/2022 14:12 GTM-7  -- use-agent: PostmanRuntime/7.29.0
method: GET-- url:  http://localhost:5000/api/all  --date: 1/4/2022 14:12 GTM-7  -- use-agent: PostmanRuntime/7.29.0
method: GET-- url:  http://localhost:5000/api/all  --date: 1/4/2022 14:14 GTM-7  -- use-agent: PostmanRuntime/7.29.0
method: GET-- url:  http://localhost:5000/api/all  --date: 1/4/2022 14:14 GTM-7  -- use-agent: PostmanRuntime/7.29.0
method: GET-- url:  http://localhost:5000/api/all  --date: 1/4/2022 14:14 GTM-7  -- use-agent: PostmanRuntime/7.29.0
method: GET-- url:  http://localhost:5000/api/all  --date: 1/4/2022 14:17 GTM-7  -- use-agent: PostmanRuntime/7.29.0
method: GET-- url:  http://localhost:5000/api/all  --date: 1/4/2022 14:18 GTM-7  -- use-agent: PostmanRuntime/7.29.0
method: GET-- url:  http://localhost:5000/fffPPP-9fef-a524-4e39-89ba-83b7fba1  --date: 1/4/2022 14:18 GTM-7  -- use-agent: PostmanRuntime/7.29.0
method: GET-- url:  http://localhost:5000/fffPPP-9fef-a524-4e39-89ba-83b7fba1  --date: 1/4/2022 14:19 GTM-7  -- use-agent: PostmanRuntime/7.29.0
method: GET-- url:  http://localhost:5000/fffPPP-9fef-a524-4e39-89ba-83b7fba1  --date: 1/4/2022 14:20 GTM-7  -- use-agent: PostmanRuntime/7.29.0
method: GET-- url:  http://localhost:5000/fffPPP-9fef-a524-4e39-89ba-83b7fba1  --date: 1/4/2022 14:20 GTM-7  -- use-agent: PostmanRuntime/7.29.0
method: GET-- url:  http://localhost:5000/fffPPP-9fef-a524-4e39-89ba-83b7fba1  --date: 1/4/2022 14:22 GTM-7  -- use-agent: PostmanRuntime/7.29.0
method: GET-- url:  http://localhost:5000/api/download/fffPPP-9fef-a524-4e39-89ba-83b7fba1  --date: 1/4/2022 14:24 GTM-7  -- use-agent: PostmanRuntime/7.29.0
method: GET-- url:  http://localhost:5000/api/download/fffPPP-9fef-a524-4e39-89ba-83b7fba1a  --date: 1/4/2022 14:25 GTM-7  -- use-agent: PostmanRuntime/7.29.0
method: GET-- url:  http://localhost:5000/fffPPP-9fef-a524-4e39-89ba-83b7fba1  --date: 1/4/2022 14:30 GTM-7  -- use-agent: PostmanRuntime/7.29.0
method: GET-- url:  http://localhost:5000/fffPPP-9fef-a524-4e39-89ba-83b7fba1  --date: 1/4/2022 14:30 GTM-7  -- use-agent: PostmanRuntime/7.29.0
method: GET-- url:  http://localhost:5000/fffPPP-9fef-a524-4e39-89ba-83b7fba1  --date: 1/4/2022 14:31 GTM-7  -- use-agent: PostmanRuntime/7.29.0
method: GET-- url:  http://localhost:5000/fffppp-8046-f125-4aa9-b085-d8154efb?from=2000-2-11&to=2050-4-11  --date: 1/4/2022 14:33 GTM-7  -- use-agent: PostmanRuntime/7.29.0
method: GET-- url:  http://localhost:5000/fffppp-8046-f125-4aa9-b085-d8154efb?from=2000-2-11&to=2050-4-11  --date: 1/4/2022 14:34 GTM-7  -- use-agent: PostmanRuntime/7.29.0
method: GET-- url:  http://localhost:5000/fffppp-8046-f125-4aa9-b085-d8154efb?from=2000-2-11&to=2050-4-11  --date: 1/4/2022 14:34 GTM-7  -- use-agent: PostmanRuntime/7.29.0
method: POST-- url:  http://localhost:5000/api/create/  --date: 1/4/2022 14:36 GTM-7  -- use-agent: PostmanRuntime/7.29.0
method: GET-- url:  http://localhost:5000/fffppp-b222-cee4-4908-ae76-4a5bfe4e?from=2000-2-11&to=2050-4-11  --date: 1/4/2022 14:36 GTM-7  -- use-agent: PostmanRuntime/7.29.0
method: PUT-- url:  http://localhost:5000/fffppp-b222-cee4-4908-ae76-4a5bfe4e  --date: 1/4/2022 14:36 GTM-7  -- use-agent: PostmanRuntime/7.29.0
method: PUT-- url:  http://localhost:5000/fffppp-b222-cee4-4908-ae76-4a5bfe4e  --date: 1/4/2022 14:36 GTM-7  -- use-agent: PostmanRuntime/7.29.0
method: PUT-- url:  http://localhost:5000/fffppp-b222-cee4-4908-ae76-4a5bfe4e  --date: 1/4/2022 14:36 GTM-7  -- use-agent: PostmanRuntime/7.29.0
method: PUT-- url:  http://localhost:5000/fffppp-b222-cee4-4908-ae76-4a5bfe4e  --date: 1/4/2022 14:36 GTM-7  -- use-agent: PostmanRuntime/7.29.0
method: PUT-- url:  http://localhost:5000/fffppp-b222-cee4-4908-ae76-4a5bfe4e  --date: 1/4/2022 14:36 GTM-7  -- use-agent: PostmanRuntime/7.29.0
method: PUT-- url:  http://localhost:5000/fffppp-b222-cee4-4908-ae76-4a5bfe4e  --date: 1/4/2022 14:36 GTM-7  -- use-agent: PostmanRuntime/7.29.0
method: PUT-- url:  http://localhost:5000/fffppp-b222-cee4-4908-ae76-4a5bfe4e  --date: 1/4/2022 14:36 GTM-7  -- use-agent: PostmanRuntime/7.29.0
method: PUT-- url:  http://localhost:5000/fffppp-b222-cee4-4908-ae76-4a5bfe4e  --date: 1/4/2022 14:36 GTM-7  -- use-agent: PostmanRuntime/7.29.0
method: GET-- url:  http://localhost:5000/fffppp-b222-cee4-4908-ae76-4a5bfe4e?from=2000-2-11&to=2050-4-11  --date: 1/4/2022 14:36 GTM-7  -- use-agent: PostmanRuntime/7.29.0
method: GET-- url:  http://localhost:5000/fffppp-b222-cee4-4908-ae76-4a5bfe4e?from=2000-2-11&to=2050-4-11  --date: 1/4/2022 14:38 GTM-7  -- use-agent: PostmanRuntime/7.29.0
method: PUT-- url:  http://localhost:5000/fffppp-b222-cee4-4908-ae76-4a5bfe4e  --date: 1/4/2022 14:45 GTM-7  -- use-agent: PostmanRuntime/7.29.0
method: PUT-- url:  http://localhost:5000/fffppp-b222-cee4-4908-ae76-4a5bfe4e  --date: 1/4/2022 14:46 GTM-7  -- use-agent: PostmanRuntime/7.29.0
method: PUT-- url:  http://localhost:5000/fffppp-b222-cee4-4908-ae76-4a5bfe4e  --date: 1/4/2022 14:46 GTM-7  -- use-agent: PostmanRuntime/7.29.0
method: PUT-- url:  http://localhost:5000/fffppp-b222-cee4-4908-ae76-4a5bfe4e  --date: 1/4/2022 14:46 GTM-7  -- use-agent: PostmanRuntime/7.29.0
method: GET-- url:  http://localhost:5000/fffppp-b222-cee4-4908-ae76-4a5bfe4e?from=2000-2-11&to=2050-4-11  --date: 1/4/2022 14:46 GTM-7  -- use-agent: PostmanRuntime/7.29.0
method: GET-- url:  http://localhost:5000/fffppp-b222-cee4-4908-ae76-4a5bfe4e?from=2000-2-11&to=2050-4-11  --date: 1/4/2022 14:48 GTM-7  -- use-agent: PostmanRuntime/7.29.0
method: GET-- url:  http://localhost:5000/fffppp-b222-cee4-4908-ae76-4a5bfe4e?from=2000-2-11&to=2050-4-11  --date: 1/4/2022 14:48 GTM-7  -- use-agent: PostmanRuntime/7.29.0
method: POST-- url:  http://localhost:5000/api/create/  --date: 1/4/2022 14:56 GTM-7  -- use-agent: PostmanRuntime/7.29.0
method: POST-- url:  http://localhost:5000/api/create/  --date: 1/4/2022 14:57 GTM-7  -- use-agent: PostmanRuntime/7.29.0
method: PUT-- url:  http://localhost:5000/FFFppp-379c-534f-45a3-9e98-b7d0f7f1  --date: 1/4/2022 15:03 GTM-7  -- use-agent: PostmanRuntime/7.29.0
method: PUT-- url:  http://localhost:5000/FFFppp-379c-534f-45a3-9e98-b7d0f7f1  --date: 1/4/2022 15:03 GTM-7  -- use-agent: PostmanRuntime/7.29.0
method: GET-- url:  http://localhost:5000/FFFppp-379c-534f-45a3-9e98-b7d0f7f1?from=2000-2-11&to=2050-4-11  --date: 1/4/2022 15:05 GTM-7  -- use-agent: PostmanRuntime/7.29.0
method: GET-- url:  http://localhost:5000/fffppp-8810-856f-46d2-a413-ab1a02c9  --date: 1/4/2022 15:06 GTM-7  -- use-agent: PostmanRuntime/7.29.0
method: POST-- url:  http://localhost:5000/api/create/  --date: 1/4/2022 15:09 GTM-7  -- use-agent: PostmanRuntime/7.29.0
method: PUT-- url:  http://localhost:5000/FFFppp-e88e-e4c2-45e6-ac9c-67463f28  --date: 1/4/2022 15:10 GTM-7  -- use-agent: PostmanRuntime/7.29.0
method: POST-- url:  http://localhost:5000/api/create/  --date: 1/4/2022 15:14 GTM-7  -- use-agent: PostmanRuntime/7.29.0
method: GET-- url:  http://localhost:5000/FFFppp-550f-d91b-4e19-bb2c-c7976f97  --date: 1/4/2022 15:14 GTM-7  -- use-agent: PostmanRuntime/7.29.0
method: PUT-- url:  http://localhost:5000/FFFppp-550f-d91b-4e19-bb2c-c7976f97  --date: 1/4/2022 15:14 GTM-7  -- use-agent: PostmanRuntime/7.29.0
method: GET-- url:  http://localhost:5000/FFFppp-550f-d91b-4e19-bb2c-c7976f97  --date: 1/4/2022 15:14 GTM-7  -- use-agent: PostmanRuntime/7.29.0
method: GET-- url:  http://localhost:5000/fffppp-c221-00bf-4b0b-b1c3-6b0cc225  --date: 1/4/2022 15:15 GTM-7  -- use-agent: PostmanRuntime/7.29.0
method: GET-- url:  http://localhost:5000/FFFppp-550f-d91b-4e19-bb2c-c7976f97  --date: 1/4/2022 15:15 GTM-7  -- use-agent: PostmanRuntime/7.29.0
method: PUT-- url:  http://localhost:5000/FFFppp-550f-d91b-4e19-bb2c-c7976f97  --date: 1/4/2022 15:15 GTM-7  -- use-agent: PostmanRuntime/7.29.0
method: POST-- url:  http://localhost:5000/api/create/  --date: 1/4/2022 15:16 GTM-7  -- use-agent: PostmanRuntime/7.29.0
method: PUT-- url:  http://localhost:5000/FFFppp-97dd-33eb-4584-a027-86324198  --date: 1/4/2022 15:16 GTM-7  -- use-agent: PostmanRuntime/7.29.0
method: GET-- url:  http://localhost:5000/FFFppp-97dd-33eb-4584-a027-86324198  --date: 1/4/2022 15:17 GTM-7  -- use-agent: PostmanRuntime/7.29.0
method: GET-- url:  http://localhost:5000/fffppp-af37-83e1-4b52-8783-cbee5a60  --date: 1/4/2022 15:17 GTM-7  -- use-agent: PostmanRuntime/7.29.0
method: GET-- url:  http://localhost:5000/FFFppp-97dd-33eb-4584-a027-86324198  --date: 1/4/2022 15:18 GTM-7  -- use-agent: PostmanRuntime/7.29.0
method: GET-- url:  http://localhost:5000/FFFppp-97dd-33eb-4584-a027-86324198?from=2030-2-11&to=2050-4-11  --date: 1/4/2022 15:19 GTM-7  -- use-agent: PostmanRuntime/7.29.0
method: GET-- url:  http://localhost:5000/FFFppp-97dd-33eb-4584-a027-86324198?from=2020-2-11&to=2050-4-11  --date: 1/4/2022 15:19 GTM-7  -- use-agent: PostmanRuntime/7.29.0
method: GET-- url:  http://localhost:5000/FFFppp-97dd-33eb-4584-a027-86324198?from=2020-2-11&to=2050-4-11  --date: 1/4/2022 16:27 GTM-7  -- use-agent: PostmanRuntime/7.29.0
method: DELETE-- url:  http://localhost:5000/api/delete/FFFppp-97dd-33eb-4584-a027-86324198?from=2000-2-11&to=2050-4-11  --date: 1/4/2022 16:27 GTM-7  -- use-agent: PostmanRuntime/7.29.0
method: GET-- url:  http://localhost:5000/FFFppp-97dd-33eb-4584-a027-86324198?from=2020-2-11&to=2050-4-11  --date: 1/4/2022 16:28 GTM-7  -- use-agent: PostmanRuntime/7.29.0
method: GET-- url:  http://localhost:5000/FFFppp-97dd-33eb-4584-a027-86324198?from=2020-2-11&to=2050-4-11  --date: 1/4/2022 16:28 GTM-7  -- use-agent: PostmanRuntime/7.29.0
method: POST-- url:  http://localhost:5000/api/create/  --date: 1/4/2022 16:29 GTM-7  -- use-agent: PostmanRuntime/7.29.0
method: PUT-- url:  http://localhost:5000/FFFppp-9822-49c4-45d8-b4c3-84cf6655  --date: 1/4/2022 16:29 GTM-7  -- use-agent: PostmanRuntime/7.29.0
method: PUT-- url:  http://localhost:5000/FFFppp-9822-49c4-45d8-b4c3-84cf6655  --date: 1/4/2022 16:30 GTM-7  -- use-agent: PostmanRuntime/7.29.0
method: POST-- url:  http://localhost:5000/api/create/  --date: 1/4/2022 16:30 GTM-7  -- use-agent: PostmanRuntime/7.29.0
method: PUT-- url:  http://localhost:5000/FFFppp-6662-8d53-4bf1-8d63-0b9ed1d6  --date: 1/4/2022 16:30 GTM-7  -- use-agent: PostmanRuntime/7.29.0
method: GET-- url:  http://localhost:5000/FFFppp-6662-8d53-4bf1-8d63-0b9ed1d6?from=2020-2-11&to=2050-4-11  --date: 1/4/2022 16:30 GTM-7  -- use-agent: PostmanRuntime/7.29.0
method: DELETE-- url:  http://localhost:5000/api/delete/FFFppp-6662-8d53-4bf1-8d63-0b9ed1d6?from=2000-2-11&to=2050-4-11  --date: 1/4/2022 16:31 GTM-7  -- use-agent: PostmanRuntime/7.29.0
method: PUT-- url:  http://localhost:5000/FFFppp-6662-8d53-4bf1-8d63-0b9ed1d6  --date: 1/4/2022 16:31 GTM-7  -- use-agent: PostmanRuntime/7.29.0
method: DELETE-- url:  http://localhost:5000/api/delete/FFFppp-6662-8d53-4bf1-8d63-0b9ed1d6?from=2030-2-11&to=2050-4-11  --date: 1/4/2022 16:31 GTM-7  -- use-agent: PostmanRuntime/7.29.0
method: PUT-- url:  http://localhost:5000/FFFppp-6662-8d53-4bf1-8d63-0b9ed1d6  --date: 1/4/2022 16:32 GTM-7  -- use-agent: PostmanRuntime/7.29.0
method: DELETE-- url:  http://localhost:5000/api/delete/FFFppp-6662-8d53-4bf1-8d63-0b9ed1d6?from=2030-2-11&to=2050-4-11  --date: 1/4/2022 16:32 GTM-7  -- use-agent: PostmanRuntime/7.29.0
method: DELETE-- url:  http://localhost:5000/api/delete/FFFppp-6662-8d53-4bf1-8d63-0b9ed1d6?from=2030-2-11&to=2050-4-11  --date: 1/4/2022 16:33 GTM-7  -- use-agent: PostmanRuntime/7.29.0
method: GET-- url:  http://localhost:5000/FFFppp-6662-8d53-4bf1-8d63-0b9ed1d6?from=2020-2-11&to=2050-4-11  --date: 1/4/2022 16:34 GTM-7  -- use-agent: PostmanRuntime/7.29.0
method: DELETE-- url:  http://localhost:5000/api/delete/FFFppp-6662-8d53-4bf1-8d63-0b9ed1d6?from=2030-2-11&to=2050-4-11  --date: 1/4/2022 16:34 GTM-7  -- use-agent: PostmanRuntime/7.29.0
method: DELETE-- url:  http://localhost:5000/api/delete/FFFppp-6662-8d53-4bf1-8d63-0b9ed1d6?from=2030-2-11&to=2050-4-11  --date: 1/4/2022 16:35 GTM-7  -- use-agent: PostmanRuntime/7.29.0
method: PUT-- url:  http://localhost:5000/FFFppp-6662-8d53-4bf1-8d63-0b9ed1d6  --date: 1/4/2022 16:35 GTM-7  -- use-agent: PostmanRuntime/7.29.0
method: DELETE-- url:  http://localhost:5000/api/delete/FFFppp-6662-8d53-4bf1-8d63-0b9ed1d6?from=2030-2-11&to=2050-4-11  --date: 1/4/2022 16:35 GTM-7  -- use-agent: PostmanRuntime/7.29.0
method: PUT-- url:  http://localhost:5000/FFFppp-6662-8d53-4bf1-8d63-0b9ed1d6  --date: 1/4/2022 16:36 GTM-7  -- use-agent: PostmanRuntime/7.29.0
method: DELETE-- url:  http://localhost:5000/api/delete/FFFppp-6662-8d53-4bf1-8d63-0b9ed1d6?from=2030-2-11&to=2050-4-11  --date: 1/4/2022 16:36 GTM-7  -- use-agent: PostmanRuntime/7.29.0
method: PUT-- url:  http://localhost:5000/FFFppp-6662-8d53-4bf1-8d63-0b9ed1d6  --date: 1/4/2022 16:39 GTM-7  -- use-agent: PostmanRuntime/7.29.0
method: DELETE-- url:  http://localhost:5000/api/delete/FFFppp-6662-8d53-4bf1-8d63-0b9ed1d6?from=2030-2-11&to=2050-4-11  --date: 1/4/2022 16:39 GTM-7  -- use-agent: PostmanRuntime/7.29.0
method: GET-- url:  http://localhost:5000/FFFppp-6662-8d53-4bf1-8d63-0b9ed1d6?from=2020-2-11&to=2050-4-11  --date: 1/4/2022 16:39 GTM-7  -- use-agent: PostmanRuntime/7.29.0
method: PUT-- url:  http://localhost:5000/FFFppp-6662-8d53-4bf1-8d63-0b9ed1d6  --date: 1/4/2022 16:39 GTM-7  -- use-agent: PostmanRuntime/7.29.0
method: GET-- url:  http://localhost:5000/FFFppp-6662-8d53-4bf1-8d63-0b9ed1d6?from=2020-2-11&to=2050-4-11  --date: 1/4/2022 16:39 GTM-7  -- use-agent: PostmanRuntime/7.29.0
method: DELETE-- url:  http://localhost:5000/api/delete/FFFppp-6662-8d53-4bf1-8d63-0b9ed1d6?from=2030-2-11&to=2050-4-11  --date: 1/4/2022 16:39 GTM-7  -- use-agent: PostmanRuntime/7.29.0
method: DELETE-- url:  http://localhost:5000/api/delete/FFFppp-6662-8d53-4bf1-8d63-0b9ed1d6?from=2030-2-11&to=2050-4-11  --date: 1/4/2022 16:40 GTM-7  -- use-agent: PostmanRuntime/7.29.0
method: DELETE-- url:  http://localhost:5000/api/delete/FFFppp-6662-8d53-4bf1-8d63-0b9ed1d6?from=2030-2-11&to=2050-4-11  --date: 1/4/2022 16:40 GTM-7  -- use-agent: PostmanRuntime/7.29.0
method: GET-- url:  http://localhost:5000/FFFppp-6662-8d53-4bf1-8d63-0b9ed1d6?from=2020-2-11&to=2050-4-11  --date: 1/4/2022 16:40 GTM-7  -- use-agent: PostmanRuntime/7.29.0
method: PUT-- url:  http://localhost:5000/FFFppp-6662-8d53-4bf1-8d63-0b9ed1d6  --date: 1/4/2022 16:40 GTM-7  -- use-agent: PostmanRuntime/7.29.0
method: DELETE-- url:  http://localhost:5000/api/delete/FFFppp-6662-8d53-4bf1-8d63-0b9ed1d6?from=2030-2-11&to=2050-4-11  --date: 1/4/2022 16:40 GTM-7  -- use-agent: PostmanRuntime/7.29.0
method: PUT-- url:  http://localhost:5000/FFFppp-6662-8d53-4bf1-8d63-0b9ed1d6  --date: 1/4/2022 16:42 GTM-7  -- use-agent: PostmanRuntime/7.29.0
method: DELETE-- url:  http://localhost:5000/api/delete/FFFppp-6662-8d53-4bf1-8d63-0b9ed1d6?from=2030-2-11&to=2050-4-11  --date: 1/4/2022 16:42 GTM-7  -- use-agent: PostmanRuntime/7.29.0
method: GET-- url:  http://localhost:5000/FFFppp-6662-8d53-4bf1-8d63-0b9ed1d6?from=2020-2-11&to=2050-4-11  --date: 1/4/2022 16:46 GTM-7  -- use-agent: PostmanRuntime/7.29.0
method: PUT-- url:  http://localhost:5000/FFFppp-6662-8d53-4bf1-8d63-0b9ed1d6  --date: 1/4/2022 16:46 GTM-7  -- use-agent: PostmanRuntime/7.29.0
method: GET-- url:  http://localhost:5000/FFFppp-6662-8d53-4bf1-8d63-0b9ed1d6?from=2020-2-11&to=2050-4-11  --date: 1/4/2022 16:46 GTM-7  -- use-agent: PostmanRuntime/7.29.0
method: GET-- url:  http://localhost:5000/FFFppp-6662-8d53-4bf1-8d63-0b9ed1d6?from=2030-2-11&to=2050-4-11  --date: 1/4/2022 16:46 GTM-7  -- use-agent: PostmanRuntime/7.29.0
method: GET-- url:  http://localhost:5000/FFFppp-6662-8d53-4bf1-8d63-0b9ed1d6?from=2020-2-11&to=2050-4-11  --date: 1/4/2022 16:46 GTM-7  -- use-agent: PostmanRuntime/7.29.0
method: GET-- url:  http://localhost:5000/FFFppp-6662-8d53-4bf1-8d63-0b9ed1d6?from=2020-2-11&to=2050-4-11  --date: 1/4/2022 16:47 GTM-7  -- use-agent: PostmanRuntime/7.29.0
method: GET-- url:  http://localhost:5000/FFFppp-6662-8d53-4bf1-8d63-0b9ed1d6?from=2020-2-11&to=2050-4-11  --date: 1/4/2022 16:48 GTM-7  -- use-agent: PostmanRuntime/7.29.0
method: GET-- url:  http://localhost:5000/FFFppp-6662-8d53-4bf1-8d63-0b9ed1d6?from=2020-2-11&to=2050-4-11  --date: 1/4/2022 16:48 GTM-7  -- use-agent: PostmanRuntime/7.29.0
method: GET-- url:  http://localhost:5000/FFFppp-6662-8d53-4bf1-8d63-0b9ed1d6?from=2040-2-11&to=2050-4-11  --date: 1/4/2022 16:49 GTM-7  -- use-agent: PostmanRuntime/7.29.0
method: GET-- url:  http://localhost:5000/FFFppp-6662-8d53-4bf1-8d63-0b9ed1d6?from=2040-2-11&to=2050-4-11  --date: 1/4/2022 16:49 GTM-7  -- use-agent: PostmanRuntime/7.29.0
method: DELETE-- url:  http://localhost:5000/api/delete/FFFppp-6662-8d53-4bf1-8d63-0b9ed1d6?from=2030-2-11&to=2050-4-11  --date: 1/4/2022 16:49 GTM-7  -- use-agent: PostmanRuntime/7.29.0
method: GET-- url:  http://localhost:5000/FFFppp-6662-8d53-4bf1-8d63-0b9ed1d6?from=2040-2-11&to=2050-4-11  --date: 1/4/2022 16:49 GTM-7  -- use-agent: PostmanRuntime/7.29.0
method: GET-- url:  http://localhost:5000/FFFppp-6662-8d53-4bf1-8d63-0b9ed1d6?from=2020-2-11&to=2050-4-11  --date: 1/4/2022 16:49 GTM-7  -- use-agent: PostmanRuntime/7.29.0
method: GET-- url:  http://localhost:5000/fffppp-8046-f125-4aa9-b085-d8154efb?from=2020-2-11&to=2050-4-11  --date: 1/4/2022 17:32 GTM-7  -- use-agent: PostmanRuntime/7.29.0
method: POST-- url:  http://localhost:5000/api/create/  --date: 1/4/2022 17:32 GTM-7  -- use-agent: PostmanRuntime/7.29.0
method: PUT-- url:  http://localhost:5000/fffppp-13b8-8d71-4689-8a45-8817db66  --date: 1/4/2022 17:33 GTM-7  -- use-agent: PostmanRuntime/7.29.0
method: PUT-- url:  http://localhost:5000/fffppp-13b8-8d71-4689-8a45-8817db66  --date: 1/4/2022 17:33 GTM-7  -- use-agent: PostmanRuntime/7.29.0
method: PUT-- url:  http://localhost:5000/fffppp-13b8-8d71-4689-8a45-8817db66  --date: 1/4/2022 17:33 GTM-7  -- use-agent: PostmanRuntime/7.29.0
method: PUT-- url:  http://localhost:5000/fffppp-13b8-8d71-4689-8a45-8817db66  --date: 1/4/2022 17:33 GTM-7  -- use-agent: PostmanRuntime/7.29.0
method: PUT-- url:  http://localhost:5000/fffppp-13b8-8d71-4689-8a45-8817db66  --date: 1/4/2022 17:33 GTM-7  -- use-agent: PostmanRuntime/7.29.0
method: PUT-- url:  http://localhost:5000/fffppp-13b8-8d71-4689-8a45-8817db66  --date: 1/4/2022 17:33 GTM-7  -- use-agent: PostmanRuntime/7.29.0
method: PUT-- url:  http://localhost:5000/fffppp-13b8-8d71-4689-8a45-8817db66  --date: 1/4/2022 17:33 GTM-7  -- use-agent: PostmanRuntime/7.29.0
method: PUT-- url:  http://localhost:5000/fffppp-13b8-8d71-4689-8a45-8817db66  --date: 1/4/2022 17:33 GTM-7  -- use-agent: PostmanRuntime/7.29.0
method: PUT-- url:  http://localhost:5000/fffppp-13b8-8d71-4689-8a45-8817db66  --date: 1/4/2022 17:33 GTM-7  -- use-agent: PostmanRuntime/7.29.0
method: PUT-- url:  http://localhost:5000/fffppp-13b8-8d71-4689-8a45-8817db66  --date: 1/4/2022 17:33 GTM-7  -- use-agent: PostmanRuntime/7.29.0
method: PUT-- url:  http://localhost:5000/fffppp-13b8-8d71-4689-8a45-8817db66  --date: 1/4/2022 17:33 GTM-7  -- use-agent: PostmanRuntime/7.29.0
method: PUT-- url:  http://localhost:5000/fffppp-13b8-8d71-4689-8a45-8817db66  --date: 1/4/2022 17:33 GTM-7  -- use-agent: PostmanRuntime/7.29.0
method: PUT-- url:  http://localhost:5000/fffppp-13b8-8d71-4689-8a45-8817db66  --date: 1/4/2022 17:33 GTM-7  -- use-agent: PostmanRuntime/7.29.0
method: GET-- url:  http://localhost:5000/fffppp-13b8-8d71-4689-8a45-8817db66?from=2020-2-11&to=2050-4-11  --date: 1/4/2022 17:33 GTM-7  -- use-agent: PostmanRuntime/7.29.0
method: DELETE-- url:  http://localhost:5000/api/delete/FFFppp-6662-8d53-4bf1-8d63-0b9ed1d6?from=2030-2-11&to=2050-4-11  --date: 1/4/2022 17:33 GTM-7  -- use-agent: PostmanRuntime/7.29.0
method: DELETE-- url:  http://localhost:5000/api/delete/FFFppp-6662-8d53-4bf1-8d63-0b9ed1d6?from=2030-2-11&to=2050-4-11  --date: 1/4/2022 17:34 GTM-7  -- use-agent: PostmanRuntime/7.29.0
method: GET-- url:  http://localhost:5000/fffppp-13b8-8d71-4689-8a45-8817db66?from=2020-2-11&to=2050-4-11  --date: 1/4/2022 17:34 GTM-7  -- use-agent: PostmanRuntime/7.29.0
method: DELETE-- url:  http://localhost:5000/api/delete/fffppp-13b8-8d71-4689-8a45-8817db66?from=2030-2-11&to=2050-4-11  --date: 1/4/2022 17:35 GTM-7  -- use-agent: PostmanRuntime/7.29.0
method: DELETE-- url:  http://localhost:5000/api/delete/fffppp-13b8-8d71-4689-8a45-8817db66?from=2030-2-11&to=2050-4-11  --date: 1/4/2022 17:36 GTM-7  -- use-agent: PostmanRuntime/7.29.0
method: GET-- url:  http://localhost:5000/fffppp-13b8-8d71-4689-8a45-8817db66?from=2020-2-11&to=2050-4-11  --date: 1/4/2022 17:36 GTM-7  -- use-agent: PostmanRuntime/7.29.0
method: PUT-- url:  http://localhost:5000/fffppp-13b8-8d71-4689-8a45-8817db66  --date: 1/4/2022 17:36 GTM-7  -- use-agent: PostmanRuntime/7.29.0
method: PUT-- url:  http://localhost:5000/fffppp-13b8-8d71-4689-8a45-8817db66  --date: 1/4/2022 17:36 GTM-7  -- use-agent: PostmanRuntime/7.29.0
method: PUT-- url:  http://localhost:5000/fffppp-13b8-8d71-4689-8a45-8817db66  --date: 1/4/2022 17:36 GTM-7  -- use-agent: PostmanRuntime/7.29.0
method: PUT-- url:  http://localhost:5000/fffppp-13b8-8d71-4689-8a45-8817db66  --date: 1/4/2022 17:36 GTM-7  -- use-agent: PostmanRuntime/7.29.0
method: PUT-- url:  http://localhost:5000/fffppp-13b8-8d71-4689-8a45-8817db66  --date: 1/4/2022 17:36 GTM-7  -- use-agent: PostmanRuntime/7.29.0
method: PUT-- url:  http://localhost:5000/fffppp-13b8-8d71-4689-8a45-8817db66  --date: 1/4/2022 17:36 GTM-7  -- use-agent: PostmanRuntime/7.29.0
method: PUT-- url:  http://localhost:5000/fffppp-13b8-8d71-4689-8a45-8817db66  --date: 1/4/2022 17:36 GTM-7  -- use-agent: PostmanRuntime/7.29.0
method: PUT-- url:  http://localhost:5000/fffppp-13b8-8d71-4689-8a45-8817db66  --date: 1/4/2022 17:36 GTM-7  -- use-agent: PostmanRuntime/7.29.0
method: PUT-- url:  http://localhost:5000/fffppp-13b8-8d71-4689-8a45-8817db66  --date: 1/4/2022 17:36 GTM-7  -- use-agent: PostmanRuntime/7.29.0
method: PUT-- url:  http://localhost:5000/fffppp-13b8-8d71-4689-8a45-8817db66  --date: 1/4/2022 17:36 GTM-7  -- use-agent: PostmanRuntime/7.29.0
method: PUT-- url:  http://localhost:5000/fffppp-13b8-8d71-4689-8a45-8817db66  --date: 1/4/2022 17:36 GTM-7  -- use-agent: PostmanRuntime/7.29.0
method: PUT-- url:  http://localhost:5000/fffppp-13b8-8d71-4689-8a45-8817db66  --date: 1/4/2022 17:36 GTM-7  -- use-agent: PostmanRuntime/7.29.0
method: GET-- url:  http://localhost:5000/fffppp-13b8-8d71-4689-8a45-8817db66?from=2020-2-11&to=2050-4-11  --date: 1/4/2022 17:36 GTM-7  -- use-agent: PostmanRuntime/7.29.0
method: DELETE-- url:  http://localhost:5000/api/delete/fffppp-13b8-8d71-4689-8a45-8817db66?from=2030-2-11&to=2050-4-11  --date: 1/4/2022 17:36 GTM-7  -- use-agent: PostmanRuntime/7.29.0
method: GET-- url:  http://localhost:5000/fffppp-13b8-8d71-4689-8a45-8817db66?from=2020-2-11&to=2050-4-11  --date: 1/4/2022 17:36 GTM-7  -- use-agent: PostmanRuntime/7.29.0
method: GET-- url:  http://localhost:5000/fffppp-13b8-8d71-4689-8a45-8817db66?from=2020-2-11&to=2050-4-11  --date: 1/4/2022 17:43 GTM-7  -- use-agent: PostmanRuntime/7.29.0
method: PUT-- url:  http://localhost:5000/fffppp-13b8-8d71-4689-8a45-8817db66  --date: 1/4/2022 17:43 GTM-7  -- use-agent: PostmanRuntime/7.29.0
method: PUT-- url:  http://localhost:5000/fffppp-13b8-8d71-4689-8a45-8817db66  --date: 1/4/2022 17:43 GTM-7  -- use-agent: PostmanRuntime/7.29.0
method: PUT-- url:  http://localhost:5000/fffppp-13b8-8d71-4689-8a45-8817db66  --date: 1/4/2022 17:43 GTM-7  -- use-agent: PostmanRuntime/7.29.0
method: PUT-- url:  http://localhost:5000/fffppp-13b8-8d71-4689-8a45-8817db66  --date: 1/4/2022 17:43 GTM-7  -- use-agent: PostmanRuntime/7.29.0
method: PUT-- url:  http://localhost:5000/fffppp-13b8-8d71-4689-8a45-8817db66  --date: 1/4/2022 17:43 GTM-7  -- use-agent: PostmanRuntime/7.29.0
method: PUT-- url:  http://localhost:5000/fffppp-13b8-8d71-4689-8a45-8817db66  --date: 1/4/2022 17:43 GTM-7  -- use-agent: PostmanRuntime/7.29.0
method: PUT-- url:  http://localhost:5000/fffppp-13b8-8d71-4689-8a45-8817db66  --date: 1/4/2022 17:43 GTM-7  -- use-agent: PostmanRuntime/7.29.0
method: PUT-- url:  http://localhost:5000/fffppp-13b8-8d71-4689-8a45-8817db66  --date: 1/4/2022 17:43 GTM-7  -- use-agent: PostmanRuntime/7.29.0
method: PUT-- url:  http://localhost:5000/fffppp-13b8-8d71-4689-8a45-8817db66  --date: 1/4/2022 17:43 GTM-7  -- use-agent: PostmanRuntime/7.29.0
method: PUT-- url:  http://localhost:5000/fffppp-13b8-8d71-4689-8a45-8817db66  --date: 1/4/2022 17:43 GTM-7  -- use-agent: PostmanRuntime/7.29.0
method: GET-- url:  http://localhost:5000/fffppp-13b8-8d71-4689-8a45-8817db66?from=2020-2-11&to=2050-4-11  --date: 1/4/2022 17:43 GTM-7  -- use-agent: PostmanRuntime/7.29.0
method: DELETE-- url:  http://localhost:5000/api/delete/fffppp-13b8-8d71-4689-8a45-8817db66?from=2030-2-11&to=2050-4-11  --date: 1/4/2022 17:43 GTM-7  -- use-agent: PostmanRuntime/7.29.0
method: GET-- url:  http://localhost:5000/fffppp-13b8-8d71-4689-8a45-8817db66?from=2020-2-11&to=2050-4-11  --date: 1/4/2022 17:43 GTM-7  -- use-agent: PostmanRuntime/7.29.0
method: DELETE-- url:  http://localhost:5000/api/delete/fffppp-13b8-8d71-4689-8a45-8817db66?from=2020-2-11&to=2050-4-11  --date: 1/4/2022 17:44 GTM-7  -- use-agent: PostmanRuntime/7.29.0
method: GET-- url:  http://localhost:5000/fffppp-13b8-8d71-4689-8a45-8817db66?from=2020-2-11&to=2050-4-11  --date: 1/4/2022 17:44 GTM-7  -- use-agent: PostmanRuntime/7.29.0
method: POST-- url:  http://localhost:5000/api/create/  --date: 1/4/2022 17:44 GTM-7  -- use-agent: PostmanRuntime/7.29.0
method: PUT-- url:  http://localhost:5000/fffppp-a031-b649-4cca-ac7e-fa2306ba  --date: 1/4/2022 17:44 GTM-7  -- use-agent: PostmanRuntime/7.29.0
method: PUT-- url:  http://localhost:5000/fffppp-a031-b649-4cca-ac7e-fa2306ba  --date: 1/4/2022 17:44 GTM-7  -- use-agent: PostmanRuntime/7.29.0
method: PUT-- url:  http://localhost:5000/fffppp-a031-b649-4cca-ac7e-fa2306ba  --date: 1/4/2022 17:44 GTM-7  -- use-agent: PostmanRuntime/7.29.0
method: PUT-- url:  http://localhost:5000/fffppp-a031-b649-4cca-ac7e-fa2306ba  --date: 1/4/2022 17:44 GTM-7  -- use-agent: PostmanRuntime/7.29.0
method: PUT-- url:  http://localhost:5000/fffppp-a031-b649-4cca-ac7e-fa2306ba  --date: 1/4/2022 17:44 GTM-7  -- use-agent: PostmanRuntime/7.29.0
method: PUT-- url:  http://localhost:5000/fffppp-a031-b649-4cca-ac7e-fa2306ba  --date: 1/4/2022 17:44 GTM-7  -- use-agent: PostmanRuntime/7.29.0
method: PUT-- url:  http://localhost:5000/fffppp-a031-b649-4cca-ac7e-fa2306ba  --date: 1/4/2022 17:44 GTM-7  -- use-agent: PostmanRuntime/7.29.0
method: PUT-- url:  http://localhost:5000/fffppp-a031-b649-4cca-ac7e-fa2306ba  --date: 1/4/2022 17:44 GTM-7  -- use-agent: PostmanRuntime/7.29.0
method: PUT-- url:  http://localhost:5000/fffppp-a031-b649-4cca-ac7e-fa2306ba  --date: 1/4/2022 17:44 GTM-7  -- use-agent: PostmanRuntime/7.29.0
method: PUT-- url:  http://localhost:5000/fffppp-a031-b649-4cca-ac7e-fa2306ba  --date: 1/4/2022 17:44 GTM-7  -- use-agent: PostmanRuntime/7.29.0
method: PUT-- url:  http://localhost:5000/fffppp-a031-b649-4cca-ac7e-fa2306ba  --date: 1/4/2022 17:44 GTM-7  -- use-agent: PostmanRuntime/7.29.0
method: PUT-- url:  http://localhost:5000/fffppp-a031-b649-4cca-ac7e-fa2306ba  --date: 1/4/2022 17:44 GTM-7  -- use-agent: PostmanRuntime/7.29.0
method: PUT-- url:  http://localhost:5000/fffppp-a031-b649-4cca-ac7e-fa2306ba  --date: 1/4/2022 17:44 GTM-7  -- use-agent: PostmanRuntime/7.29.0
method: PUT-- url:  http://localhost:5000/fffppp-a031-b649-4cca-ac7e-fa2306ba  --date: 1/4/2022 17:44 GTM-7  -- use-agent: PostmanRuntime/7.29.0
method: PUT-- url:  http://localhost:5000/fffppp-a031-b649-4cca-ac7e-fa2306ba  --date: 1/4/2022 17:44 GTM-7  -- use-agent: PostmanRuntime/7.29.0
method: PUT-- url:  http://localhost:5000/fffppp-a031-b649-4cca-ac7e-fa2306ba  --date: 1/4/2022 17:44 GTM-7  -- use-agent: PostmanRuntime/7.29.0
method: PUT-- url:  http://localhost:5000/fffppp-a031-b649-4cca-ac7e-fa2306ba  --date: 1/4/2022 17:44 GTM-7  -- use-agent: PostmanRuntime/7.29.0
method: GET-- url:  http://localhost:5000/fffppp-13b8-8d71-4689-8a45-8817db66?from=2020-2-11&to=2050-4-11  --date: 1/4/2022 17:44 GTM-7  -- use-agent: PostmanRuntime/7.29.0
method: GET-- url:  http://localhost:5000/fffppp-a031-b649-4cca-ac7e-fa2306ba?from=2020-2-11&to=2050-4-11  --date: 1/4/2022 17:44 GTM-7  -- use-agent: PostmanRuntime/7.29.0
method: DELETE-- url:  http://localhost:5000/api/delete/fffppp-a031-b649-4cca-ac7e-fa2306ba?from=2030-2-11&to=2050-4-11  --date: 1/4/2022 17:45 GTM-7  -- use-agent: PostmanRuntime/7.29.0
method: DELETE-- url:  http://localhost:5000/api/delete/fffppp-a031-b649-4cca-ac7e-fa2306ba?from=2020-2-11&to=2050-4-11  --date: 1/4/2022 17:45 GTM-7  -- use-agent: PostmanRuntime/7.29.0