
user is not exist  at: 2/4/2022 8:36:59
file content must be string or json   at: 2/4/2022 8:55:2
idInfo is not defined  at: 2/4/2022 9:16:6
you can't add collaborator to a public file  at: 2/4/2022 9:16:41
Cannot read property 'findOne' of undefined  at: 2/4/2022 9:17:50
user not found  at: 2/4/2022 9:18:15
you can't add yourself, you already are the owner  at: 2/4/2022 9:20:58
you can't add yourself, you already are the owner  at: 2/4/2022 9:37:44
you can't add yourself, you already are the owner  at: 2/4/2022 9:37:51
you can't add yourself, you already are the owner  at: 2/4/2022 9:38:53
you can't add yourself, you already are the owner  at: 2/4/2022 9:39:4
you can't add yourself, you already are the owner  at: 2/4/2022 9:39:7
you can't add yourself, you already are the owner  at: 2/4/2022 9:39:18
you can't add yourself, you already are the owner  at: 2/4/2022 9:39:26
you can't add yourself, you already are the owner  at: 2/4/2022 9:39:46
you can't add yourself, you already are the owner  at: 2/4/2022 9:39:52
you can't add yourself, you already are the owner  at: 2/4/2022 9:40:8
you can't add yourself, you already are the owner  at: 2/4/2022 9:40:11
you can't add yourself, you already are the owner  at: 2/4/2022 9:40:13
you can't add yourself, you already are the owner  at: 2/4/2022 9:40:14
you can't add yourself, you already are the owner  at: 2/4/2022 9:40:15
you can't add yourself, you already are the owner  at: 2/4/2022 9:40:25
you can't add yourself, you already are the owner  at: 2/4/2022 9:40:26
you can't add yourself, you already are the owner  at: 2/4/2022 9:40:27
you can't add yourself, you already are the owner  at: 2/4/2022 9:40:28
you can't add yourself, you already are the owner  at: 2/4/2022 9:40:29
you can't add yourself, you already are the owner  at: 2/4/2022 9:40:30
you can't add yourself, you already are the owner  at: 2/4/2022 9:40:31
you can't add yourself, you already are the owner  at: 2/4/2022 9:40:35
you can't add yourself, you already are the owner  at: 2/4/2022 9:40:38
you can't add yourself, you already are the owner  at: 2/4/2022 9:40:39
you can't add yourself, you already are the owner  at: 2/4/2022 9:40:40
you can't add yourself, you already are the owner  at: 2/4/2022 9:40:41
you can't add yourself, you already are the owner  at: 2/4/2022 9:40:42
you can't add yourself, you already are the owner  at: 2/4/2022 9:40:42
you can't add yourself, you already are the owner  at: 2/4/2022 9:40:43
you can't add yourself, you already are the owner  at: 2/4/2022 9:40:44
you can't add yourself, you already are the owner  at: 2/4/2022 9:40:44
you can't add yourself, you already are the owner  at: 2/4/2022 9:40:46
you can't add yourself, you already are the owner  at: 2/4/2022 9:43:34
you can't add yourself, you already are the owner  at: 2/4/2022 9:44:12
you can't add yourself, you already are the owner  at: 2/4/2022 9:44:40
you can't add yourself, you already are the owner  at: 2/4/2022 9:46:6
you can't add yourself, you already are the owner  at: 2/4/2022 9:46:24
you can't add yourself, you already are the owner  at: 2/4/2022 9:48:12
you can't add yourself, you already are the owner  at: 2/4/2022 9:49:45
you can't add yourself, you already are the owner  at: 2/4/2022 9:50:5
you can't add yourself, you already are the owner  at: 2/4/2022 9:50:18
you can't add yourself, you already are the owner  at: 2/4/2022 9:50:33
you can't add yourself, you already are the owner  at: 2/4/2022 9:50:48
you can't add yourself, you already are the owner  at: 2/4/2022 9:51:16
you can't add yourself, you already are the owner  at: 2/4/2022 9:51:41
you can't add yourself, you already are the owner  at: 2/4/2022 9:51:44
you can't add yourself, you already are the owner  at: 2/4/2022 9:52:17
you can't add yourself, you already are the owner  at: 2/4/2022 9:52:49
you can't add yourself, you already are the owner  at: 2/4/2022 9:52:59
you can't add yourself, you already are the owner  at: 2/4/2022 9:55:17
you can't remove yourself, try remove fileinstead  at: 2/4/2022 9:56:45
you can't remove yourself, try remove this file instead  at: 2/4/2022 9:56:56
file test.json,if i aint got u.txt,va ngay nao do.txt already exist in this folder  at: 2/4/2022 10:20:35
you can't remove yourself, try remove this folder instead  at: 2/4/2022 10:35:1
you can't add yourself, you already are the owner  at: 2/4/2022 10:35:20